2026-02-18 01:48:44 - UserID: 1, Session: pthh4r4eq2su7i18mbkoo2p3kn
2026-02-18 01:48:50 - UserID: 1, Session: pthh4r4eq2su7i18mbkoo2p3kn
2026-02-18 01:48:53 - UserID: 1, Session: pthh4r4eq2su7i18mbkoo2p3kn
2026-02-18 01:48:56 - UserID: 1, Session: pthh4r4eq2su7i18mbkoo2p3kn
2026-02-18 01:48:58 - UserID: 1, Session: pthh4r4eq2su7i18mbkoo2p3kn
2026-02-18 01:48:59 - UserID: 1, Session: pthh4r4eq2su7i18mbkoo2p3kn
2026-02-18 01:49:04 - UserID: 1, Session: pthh4r4eq2su7i18mbkoo2p3kn
2026-02-18 01:49:52 - UserID: 1, Session: pthh4r4eq2su7i18mbkoo2p3kn
2026-02-18 01:49:56 - UserID: 1, Session: pthh4r4eq2su7i18mbkoo2p3kn
2026-02-18 01:50:04 - UserID: 1, Session: pthh4r4eq2su7i18mbkoo2p3kn
2026-02-18 01:50:07 - UserID: 1, Session: pthh4r4eq2su7i18mbkoo2p3kn
2026-02-18 01:50:09 - UserID: 1, Session: pthh4r4eq2su7i18mbkoo2p3kn
2026-02-18 01:50:15 - UserID: 1, Session: pthh4r4eq2su7i18mbkoo2p3kn
2026-02-18 01:50:42 - UserID: 1, Session: pthh4r4eq2su7i18mbkoo2p3kn
2026-02-18 01:50:43 - UserID: 1, Session: pthh4r4eq2su7i18mbkoo2p3kn
2026-02-18 01:51:04 - UPLOAD ATTEMPT - UserID: 1, POST: {"title":"eee","category":"Facture","description":"eee"}
2026-02-18 01:51:04 - UserID: 1, Session: pthh4r4eq2su7i18mbkoo2p3kn
2026-02-18 01:51:10 - UserID: 1, Session: pthh4r4eq2su7i18mbkoo2p3kn
2026-02-18 01:53:27 - UserID: 1, Session: pthh4r4eq2su7i18mbkoo2p3kn
2026-02-18 01:53:31 - UserID: 1, Session: pthh4r4eq2su7i18mbkoo2p3kn
2026-02-18 01:53:32 - UserID: 1, Session: pthh4r4eq2su7i18mbkoo2p3kn
2026-02-18 01:53:41 - UserID: 1, Session: pthh4r4eq2su7i18mbkoo2p3kn
2026-02-18 01:53:43 - UserID: 1, Session: pthh4r4eq2su7i18mbkoo2p3kn
2026-02-18 01:54:33 - UserID: 1, Session: pthh4r4eq2su7i18mbkoo2p3kn
2026-02-18 01:54:37 - UserID: 1, Session: pthh4r4eq2su7i18mbkoo2p3kn
2026-02-18 01:54:38 - UserID: 1, Session: pthh4r4eq2su7i18mbkoo2p3kn
2026-02-18 01:54:42 - UserID: 1, Session: pthh4r4eq2su7i18mbkoo2p3kn
2026-02-18 01:54:43 - UserID: 1, Session: pthh4r4eq2su7i18mbkoo2p3kn
2026-02-18 01:54:44 - UserID: 1, Session: pthh4r4eq2su7i18mbkoo2p3kn
2026-02-18 01:55:31 - UserID: 1, Session: pthh4r4eq2su7i18mbkoo2p3kn
2026-02-18 01:55:32 - UserID: 1, Session: pthh4r4eq2su7i18mbkoo2p3kn
2026-02-18 01:55:34 - UserID: 1, Session: pthh4r4eq2su7i18mbkoo2p3kn
2026-02-18 01:55:35 - UserID: 1, Session: pthh4r4eq2su7i18mbkoo2p3kn
2026-02-18 01:55:37 - UserID: 1, Session: pthh4r4eq2su7i18mbkoo2p3kn
2026-02-18 01:55:38 - UserID: 1, Session: pthh4r4eq2su7i18mbkoo2p3kn
2026-02-18 01:56:07 - UserID: 1, Session: pthh4r4eq2su7i18mbkoo2p3kn
2026-02-18 01:56:20 - UserID: 1, Session: pthh4r4eq2su7i18mbkoo2p3kn
2026-02-18 01:56:21 - UserID: 1, Session: pthh4r4eq2su7i18mbkoo2p3kn
2026-02-18 01:56:22 - UserID: 1, Session: pthh4r4eq2su7i18mbkoo2p3kn
2026-02-18 01:56:51 - UserID: 1, Session: pthh4r4eq2su7i18mbkoo2p3kn
2026-02-18 01:56:53 - UserID: 1, Session: pthh4r4eq2su7i18mbkoo2p3kn
2026-02-18 01:56:54 - UserID: 1, Session: pthh4r4eq2su7i18mbkoo2p3kn
2026-02-18 01:56:55 - UserID: 1, Session: pthh4r4eq2su7i18mbkoo2p3kn
2026-02-18 01:56:56 - UserID: 1, Session: pthh4r4eq2su7i18mbkoo2p3kn
2026-02-18 01:56:56 - UserID: 1, Session: pthh4r4eq2su7i18mbkoo2p3kn
2026-02-18 01:56:57 - UserID: 1, Session: pthh4r4eq2su7i18mbkoo2p3kn
2026-02-18 01:56:58 - UserID: 1, Session: pthh4r4eq2su7i18mbkoo2p3kn
2026-02-18 01:56:58 - UserID: 1, Session: pthh4r4eq2su7i18mbkoo2p3kn
2026-02-18 01:57:25 - UserID: 1, Session: pthh4r4eq2su7i18mbkoo2p3kn
2026-02-18 01:57:28 - UserID: 1, Session: pthh4r4eq2su7i18mbkoo2p3kn
2026-02-18 01:57:30 - UserID: 1, Session: pthh4r4eq2su7i18mbkoo2p3kn
2026-02-18 01:57:46 - UserID: 1, Session: pthh4r4eq2su7i18mbkoo2p3kn
2026-02-18 01:57:47 - UserID: 1, Session: pthh4r4eq2su7i18mbkoo2p3kn
2026-02-18 01:58:38 - UserID: 1, Session: pthh4r4eq2su7i18mbkoo2p3kn
2026-02-18 01:58:40 - UserID: 1, Session: pthh4r4eq2su7i18mbkoo2p3kn
2026-02-18 01:58:41 - UserID: 1, Session: pthh4r4eq2su7i18mbkoo2p3kn
2026-02-18 01:59:21 - UserID: 1, Session: pthh4r4eq2su7i18mbkoo2p3kn
2026-02-18 01:59:23 - UserID: 1, Session: pthh4r4eq2su7i18mbkoo2p3kn
2026-02-18 01:59:29 - UserID: 1, Session: pthh4r4eq2su7i18mbkoo2p3kn
2026-02-18 02:00:14 - UserID: 1, Session: pthh4r4eq2su7i18mbkoo2p3kn
2026-02-18 02:02:31 - UserID: 1, Session: pthh4r4eq2su7i18mbkoo2p3kn
2026-02-18 02:02:42 - UserID: 1, Session: pthh4r4eq2su7i18mbkoo2p3kn
2026-02-18 02:03:40 - UserID: 1, Session: pthh4r4eq2su7i18mbkoo2p3kn
2026-02-18 02:03:45 - UserID: 1, Session: pthh4r4eq2su7i18mbkoo2p3kn
2026-02-18 02:03:46 - UserID: 1, Session: pthh4r4eq2su7i18mbkoo2p3kn
2026-02-18 02:03:48 - UserID: 1, Session: pthh4r4eq2su7i18mbkoo2p3kn
2026-02-18 02:03:49 - UserID: 1, Session: pthh4r4eq2su7i18mbkoo2p3kn
2026-02-18 02:03:57 - UserID: 1, Session: pthh4r4eq2su7i18mbkoo2p3kn
2026-02-18 02:03:58 - UserID: 1, Session: pthh4r4eq2su7i18mbkoo2p3kn
2026-02-18 02:03:58 - UserID: 1, Session: pthh4r4eq2su7i18mbkoo2p3kn
2026-02-18 02:03:59 - UserID: 1, Session: pthh4r4eq2su7i18mbkoo2p3kn
2026-02-18 02:04:24 - UPLOAD ATTEMPT - UserID: 1, POST: {"title":"a","category":"Facture","description":"a"}
2026-02-18 02:04:24 - UserID: 1, Session: pthh4r4eq2su7i18mbkoo2p3kn
2026-02-18 02:04:30 - UserID: 1, Session: pthh4r4eq2su7i18mbkoo2p3kn
2026-02-18 02:04:37 - UserID: 1, Session: pthh4r4eq2su7i18mbkoo2p3kn
2026-02-18 02:04:47 - UserID: 1, Session: pthh4r4eq2su7i18mbkoo2p3kn
2026-02-18 02:04:49 - UserID: 1, Session: pthh4r4eq2su7i18mbkoo2p3kn
2026-02-18 02:05:12 - UserID: 1, Session: pthh4r4eq2su7i18mbkoo2p3kn
2026-02-18 02:05:13 - UserID: 1, Session: pthh4r4eq2su7i18mbkoo2p3kn
2026-02-18 02:05:14 - UserID: 1, Session: pthh4r4eq2su7i18mbkoo2p3kn
2026-02-18 02:05:32 - UserID: 1, Session: pthh4r4eq2su7i18mbkoo2p3kn
2026-02-18 02:05:33 - UserID: 1, Session: pthh4r4eq2su7i18mbkoo2p3kn
2026-02-18 02:05:38 - UserID: 1, Session: pthh4r4eq2su7i18mbkoo2p3kn
2026-02-18 02:05:39 - UserID: 1, Session: pthh4r4eq2su7i18mbkoo2p3kn
2026-02-18 02:05:40 - UserID: 1, Session: pthh4r4eq2su7i18mbkoo2p3kn
2026-02-18 02:05:58 - UserID: 1, Session: pthh4r4eq2su7i18mbkoo2p3kn
2026-02-18 02:05:59 - UserID: 1, Session: pthh4r4eq2su7i18mbkoo2p3kn
2026-02-18 02:06:09 - UserID: 1, Session: pthh4r4eq2su7i18mbkoo2p3kn
2026-02-18 02:06:23 - UserID: 1, Session: pthh4r4eq2su7i18mbkoo2p3kn
2026-02-18 02:06:26 - UserID: 1, Session: pthh4r4eq2su7i18mbkoo2p3kn
2026-02-18 02:06:26 - UserID: 1, Session: pthh4r4eq2su7i18mbkoo2p3kn
2026-02-18 02:06:27 - UserID: 1, Session: pthh4r4eq2su7i18mbkoo2p3kn
2026-02-18 02:06:29 - UserID: 1, Session: pthh4r4eq2su7i18mbkoo2p3kn
2026-02-18 02:07:03 - UserID: 1, Session: pthh4r4eq2su7i18mbkoo2p3kn
2026-02-18 02:07:04 - UserID: 1, Session: pthh4r4eq2su7i18mbkoo2p3kn
2026-02-18 02:07:18 - UserID: 1, Session: pthh4r4eq2su7i18mbkoo2p3kn
2026-02-18 02:07:19 - UserID: 1, Session: pthh4r4eq2su7i18mbkoo2p3kn
2026-02-18 02:07:38 - UserID: 1, Session: pthh4r4eq2su7i18mbkoo2p3kn
2026-02-18 02:07:52 - UserID: 1, Session: pthh4r4eq2su7i18mbkoo2p3kn
2026-02-18 02:07:53 - UserID: 1, Session: pthh4r4eq2su7i18mbkoo2p3kn
2026-02-18 02:07:55 - UserID: 1, Session: pthh4r4eq2su7i18mbkoo2p3kn
2026-02-18 02:07:55 - UserID: 1, Session: pthh4r4eq2su7i18mbkoo2p3kn
2026-02-18 02:07:56 - UserID: 1, Session: pthh4r4eq2su7i18mbkoo2p3kn
2026-02-18 02:07:58 - UserID: 1, Session: pthh4r4eq2su7i18mbkoo2p3kn
2026-02-18 02:07:59 - UserID: 1, Session: pthh4r4eq2su7i18mbkoo2p3kn
2026-02-18 02:08:01 - UserID: 1, Session: pthh4r4eq2su7i18mbkoo2p3kn
2026-02-18 02:08:19 - UserID: 1, Session: pthh4r4eq2su7i18mbkoo2p3kn
2026-02-18 02:08:20 - UserID: 1, Session: pthh4r4eq2su7i18mbkoo2p3kn
2026-02-18 02:08:39 - UserID: 1, Session: pthh4r4eq2su7i18mbkoo2p3kn
2026-02-18 02:08:56 - UserID: 1, Session: pthh4r4eq2su7i18mbkoo2p3kn
2026-02-18 02:10:25 - UserID: 1, Session: pthh4r4eq2su7i18mbkoo2p3kn
2026-02-18 02:10:26 - UserID: 1, Session: pthh4r4eq2su7i18mbkoo2p3kn
2026-02-18 02:10:27 - UserID: 1, Session: pthh4r4eq2su7i18mbkoo2p3kn
2026-02-18 02:10:40 - UserID: 1, Session: pthh4r4eq2su7i18mbkoo2p3kn
2026-02-18 02:10:42 - UserID: 1, Session: pthh4r4eq2su7i18mbkoo2p3kn
2026-02-18 02:10:44 - UserID: 1, Session: pthh4r4eq2su7i18mbkoo2p3kn
2026-02-18 02:10:47 - UserID: 1, Session: pthh4r4eq2su7i18mbkoo2p3kn
2026-02-18 02:10:52 - UserID: 1, Session: pthh4r4eq2su7i18mbkoo2p3kn
2026-02-18 02:11:03 - UserID: 1, Session: pthh4r4eq2su7i18mbkoo2p3kn
2026-02-18 02:11:04 - UserID: 1, Session: pthh4r4eq2su7i18mbkoo2p3kn
2026-02-18 02:11:05 - UserID: 1, Session: pthh4r4eq2su7i18mbkoo2p3kn
2026-02-18 02:11:06 - UserID: 1, Session: pthh4r4eq2su7i18mbkoo2p3kn
2026-02-18 02:11:08 - UserID: 1, Session: pthh4r4eq2su7i18mbkoo2p3kn
2026-02-18 02:11:09 - UserID: 1, Session: pthh4r4eq2su7i18mbkoo2p3kn
2026-02-18 02:11:11 - UserID: 1, Session: pthh4r4eq2su7i18mbkoo2p3kn
2026-02-18 02:12:14 - UserID: 1, Session: pthh4r4eq2su7i18mbkoo2p3kn
2026-02-18 02:12:15 - UserID: 1, Session: pthh4r4eq2su7i18mbkoo2p3kn
2026-02-18 02:12:16 - UserID: 1, Session: pthh4r4eq2su7i18mbkoo2p3kn
2026-02-18 02:12:16 - UserID: 1, Session: pthh4r4eq2su7i18mbkoo2p3kn
2026-02-18 02:12:17 - UserID: 1, Session: pthh4r4eq2su7i18mbkoo2p3kn
2026-02-18 02:12:17 - UserID: 1, Session: pthh4r4eq2su7i18mbkoo2p3kn
2026-02-18 02:12:18 - UserID: 1, Session: pthh4r4eq2su7i18mbkoo2p3kn
2026-02-18 02:12:18 - UserID: 1, Session: pthh4r4eq2su7i18mbkoo2p3kn
2026-02-18 02:12:34 - UserID: 1, Session: pthh4r4eq2su7i18mbkoo2p3kn
2026-02-18 02:13:29 - UserID: 1, Session: pthh4r4eq2su7i18mbkoo2p3kn
2026-02-18 02:13:30 - UserID: 1, Session: pthh4r4eq2su7i18mbkoo2p3kn
2026-02-18 02:13:51 - UserID: 1, Session: pthh4r4eq2su7i18mbkoo2p3kn
2026-02-18 02:14:15 - UPLOAD ATTEMPT - UserID: 1, POST: {"title":"aaa","category":"Facture","description":"aaaaaa"}
2026-02-18 02:14:15 - UserID: 1, Session: pthh4r4eq2su7i18mbkoo2p3kn
2026-02-18 02:14:23 - UserID: 1, Session: pthh4r4eq2su7i18mbkoo2p3kn
2026-02-18 02:15:03 - UserID: 1, Session: pthh4r4eq2su7i18mbkoo2p3kn
2026-02-18 02:15:04 - UserID: 1, Session: pthh4r4eq2su7i18mbkoo2p3kn
2026-02-18 02:15:42 - UserID: 1, Session: pthh4r4eq2su7i18mbkoo2p3kn
2026-02-18 02:15:43 - UserID: 1, Session: pthh4r4eq2su7i18mbkoo2p3kn
2026-02-18 02:16:18 - UserID: 1, Session: pthh4r4eq2su7i18mbkoo2p3kn
2026-02-18 02:16:19 - UserID: 1, Session: pthh4r4eq2su7i18mbkoo2p3kn
2026-02-18 02:16:21 - UserID: 1, Session: pthh4r4eq2su7i18mbkoo2p3kn
2026-02-18 02:17:06 - UserID: 1, Session: pthh4r4eq2su7i18mbkoo2p3kn
2026-02-18 02:17:07 - UserID: 1, Session: pthh4r4eq2su7i18mbkoo2p3kn
2026-02-18 02:17:20 - UserID: 1, Session: pthh4r4eq2su7i18mbkoo2p3kn
2026-02-18 02:17:34 - UserID: 1, Session: pthh4r4eq2su7i18mbkoo2p3kn
2026-02-18 02:17:39 - UserID: 1, Session: pthh4r4eq2su7i18mbkoo2p3kn
2026-02-18 02:17:40 - UserID: 1, Session: pthh4r4eq2su7i18mbkoo2p3kn
2026-02-18 02:17:40 - UserID: 1, Session: pthh4r4eq2su7i18mbkoo2p3kn
2026-02-18 02:17:42 - UserID: 1, Session: pthh4r4eq2su7i18mbkoo2p3kn
2026-02-18 02:18:27 - UserID: 1, Session: pthh4r4eq2su7i18mbkoo2p3kn
2026-02-18 02:18:29 - UserID: 1, Session: pthh4r4eq2su7i18mbkoo2p3kn
2026-02-18 02:18:29 - UserID: 1, Session: pthh4r4eq2su7i18mbkoo2p3kn
2026-02-18 02:18:41 - UserID: 1, Session: pthh4r4eq2su7i18mbkoo2p3kn
2026-02-18 02:19:32 - UserID: 1, Session: pthh4r4eq2su7i18mbkoo2p3kn
2026-02-18 02:19:34 - UserID: 1, Session: pthh4r4eq2su7i18mbkoo2p3kn
2026-02-18 02:19:56 - UserID: 1, Session: pthh4r4eq2su7i18mbkoo2p3kn
2026-02-18 02:19:57 - UserID: 1, Session: pthh4r4eq2su7i18mbkoo2p3kn
2026-02-18 02:20:00 - UserID: 1, Session: pthh4r4eq2su7i18mbkoo2p3kn
2026-02-18 02:20:01 - UserID: 1, Session: pthh4r4eq2su7i18mbkoo2p3kn
2026-02-18 02:20:02 - UserID: 1, Session: pthh4r4eq2su7i18mbkoo2p3kn
2026-02-18 02:20:23 - UserID: 1, Session: pthh4r4eq2su7i18mbkoo2p3kn
2026-02-18 02:20:24 - UserID: 1, Session: pthh4r4eq2su7i18mbkoo2p3kn
2026-02-18 02:20:27 - UserID: 1, Session: pthh4r4eq2su7i18mbkoo2p3kn
2026-02-18 02:20:28 - UserID: 1, Session: pthh4r4eq2su7i18mbkoo2p3kn
2026-02-18 02:20:28 - UserID: 1, Session: pthh4r4eq2su7i18mbkoo2p3kn
2026-02-18 02:20:29 - UserID: 1, Session: pthh4r4eq2su7i18mbkoo2p3kn
2026-02-18 02:20:57 - UserID: 1, Session: pthh4r4eq2su7i18mbkoo2p3kn
2026-02-18 02:21:03 - UserID: 1, Session: pthh4r4eq2su7i18mbkoo2p3kn
2026-02-18 02:21:05 - UserID: 1, Session: pthh4r4eq2su7i18mbkoo2p3kn
2026-02-18 02:21:27 - UserID: 1, Session: pthh4r4eq2su7i18mbkoo2p3kn
2026-02-18 02:21:28 - UserID: 1, Session: pthh4r4eq2su7i18mbkoo2p3kn
2026-02-18 02:21:31 - UserID: 1, Session: pthh4r4eq2su7i18mbkoo2p3kn
2026-02-18 02:21:32 - UserID: 1, Session: pthh4r4eq2su7i18mbkoo2p3kn
2026-02-18 02:21:32 - UserID: 1, Session: pthh4r4eq2su7i18mbkoo2p3kn
2026-02-18 02:21:33 - UserID: 1, Session: pthh4r4eq2su7i18mbkoo2p3kn
2026-02-18 02:21:44 - UserID: 1, Session: pthh4r4eq2su7i18mbkoo2p3kn
2026-02-18 02:21:45 - UserID: 1, Session: pthh4r4eq2su7i18mbkoo2p3kn
2026-02-18 02:21:53 - UserID: 1, Session: pthh4r4eq2su7i18mbkoo2p3kn
2026-02-18 02:21:55 - UserID: 1, Session: pthh4r4eq2su7i18mbkoo2p3kn
2026-02-18 02:22:01 - UserID: 1, Session: pthh4r4eq2su7i18mbkoo2p3kn
2026-02-18 02:22:21 - UserID: 1, Session: pthh4r4eq2su7i18mbkoo2p3kn
2026-02-18 02:22:22 - UserID: 1, Session: pthh4r4eq2su7i18mbkoo2p3kn
2026-02-18 02:22:24 - UserID: 1, Session: pthh4r4eq2su7i18mbkoo2p3kn
2026-02-18 02:22:41 - UserID: 1, Session: pthh4r4eq2su7i18mbkoo2p3kn
2026-02-18 02:22:47 - UserID: 1, Session: pthh4r4eq2su7i18mbkoo2p3kn
2026-02-18 02:22:48 - UserID: 1, Session: pthh4r4eq2su7i18mbkoo2p3kn
2026-02-18 02:22:49 - UserID: 1, Session: pthh4r4eq2su7i18mbkoo2p3kn
2026-02-18 02:22:50 - UserID: 1, Session: pthh4r4eq2su7i18mbkoo2p3kn
2026-02-18 02:23:00 - UserID: 1, Session: pthh4r4eq2su7i18mbkoo2p3kn
2026-02-18 02:23:10 - UserID: 1, Session: pthh4r4eq2su7i18mbkoo2p3kn
2026-02-18 02:23:11 - UserID: 1, Session: pthh4r4eq2su7i18mbkoo2p3kn
2026-02-18 02:23:12 - UserID: 1, Session: pthh4r4eq2su7i18mbkoo2p3kn
2026-02-18 02:23:13 - UserID: 1, Session: pthh4r4eq2su7i18mbkoo2p3kn
2026-02-18 02:23:13 - UserID: 1, Session: pthh4r4eq2su7i18mbkoo2p3kn
2026-02-18 02:23:42 - UserID: 1, Session: pthh4r4eq2su7i18mbkoo2p3kn
2026-02-18 02:23:42 - UserID: 1, Session: pthh4r4eq2su7i18mbkoo2p3kn
2026-02-18 02:23:43 - UserID: 1, Session: pthh4r4eq2su7i18mbkoo2p3kn
2026-02-18 02:23:43 - UserID: 1, Session: pthh4r4eq2su7i18mbkoo2p3kn
2026-02-18 02:23:45 - UserID: 1, Session: pthh4r4eq2su7i18mbkoo2p3kn
2026-02-18 02:24:05 - UserID: 1, Session: pthh4r4eq2su7i18mbkoo2p3kn
2026-02-18 02:24:06 - UserID: 1, Session: pthh4r4eq2su7i18mbkoo2p3kn
2026-02-18 02:24:08 - UserID: 1, Session: pthh4r4eq2su7i18mbkoo2p3kn
2026-02-18 02:24:08 - UserID: 1, Session: pthh4r4eq2su7i18mbkoo2p3kn
2026-02-18 02:24:09 - UserID: 1, Session: pthh4r4eq2su7i18mbkoo2p3kn
2026-02-18 02:24:10 - UserID: 1, Session: pthh4r4eq2su7i18mbkoo2p3kn
2026-02-18 02:24:11 - UserID: 1, Session: pthh4r4eq2su7i18mbkoo2p3kn
2026-02-18 02:24:44 - UserID: 1, Session: pthh4r4eq2su7i18mbkoo2p3kn
2026-02-18 02:24:45 - UserID: 1, Session: pthh4r4eq2su7i18mbkoo2p3kn
2026-02-18 02:24:47 - UserID: 1, Session: pthh4r4eq2su7i18mbkoo2p3kn
2026-02-18 02:25:28 - UserID: 1, Session: pthh4r4eq2su7i18mbkoo2p3kn
2026-02-18 02:25:30 - UserID: 1, Session: pthh4r4eq2su7i18mbkoo2p3kn
2026-02-18 02:25:31 - UserID: 1, Session: pthh4r4eq2su7i18mbkoo2p3kn
2026-02-18 02:25:46 - UserID: 1, Session: pthh4r4eq2su7i18mbkoo2p3kn
2026-02-18 02:25:47 - UserID: 1, Session: pthh4r4eq2su7i18mbkoo2p3kn
2026-02-18 02:26:13 - UserID: 1, Session: pthh4r4eq2su7i18mbkoo2p3kn
2026-02-18 02:26:15 - UserID: 1, Session: pthh4r4eq2su7i18mbkoo2p3kn
2026-02-18 02:26:16 - UserID: 1, Session: pthh4r4eq2su7i18mbkoo2p3kn
2026-02-18 02:26:17 - UserID: 1, Session: pthh4r4eq2su7i18mbkoo2p3kn
2026-02-18 02:26:33 - UserID: 1, Session: pthh4r4eq2su7i18mbkoo2p3kn
2026-02-18 02:26:38 - UserID: 1, Session: pthh4r4eq2su7i18mbkoo2p3kn
2026-02-18 02:26:45 - UserID: 1, Session: pthh4r4eq2su7i18mbkoo2p3kn
2026-02-18 02:27:31 - UserID: 1, Session: pthh4r4eq2su7i18mbkoo2p3kn
2026-02-18 02:27:33 - UserID: 1, Session: pthh4r4eq2su7i18mbkoo2p3kn
2026-02-18 02:27:34 - UserID: 1, Session: pthh4r4eq2su7i18mbkoo2p3kn
2026-02-18 02:28:42 - UPLOAD ATTEMPT - UserID: 1, POST: {"title":"a","category":"Image","description":"aa"}
2026-02-18 02:30:26 - UserID: 1, Session: pthh4r4eq2su7i18mbkoo2p3kn
2026-02-18 02:30:37 - UserID: 1, Session: pthh4r4eq2su7i18mbkoo2p3kn
2026-02-18 02:30:38 - UserID: 1, Session: pthh4r4eq2su7i18mbkoo2p3kn
2026-02-18 02:30:45 - UserID: 1, Session: pthh4r4eq2su7i18mbkoo2p3kn
2026-02-18 02:30:52 - UserID: 1, Session: pthh4r4eq2su7i18mbkoo2p3kn
2026-02-18 02:31:07 - UserID: 1, Session: pthh4r4eq2su7i18mbkoo2p3kn
2026-02-18 02:31:07 - UserID: 1, Session: pthh4r4eq2su7i18mbkoo2p3kn
2026-02-18 02:31:09 - UserID: 1, Session: pthh4r4eq2su7i18mbkoo2p3kn
2026-02-18 02:31:11 - UserID: 1, Session: pthh4r4eq2su7i18mbkoo2p3kn
2026-02-18 02:31:40 - UserID: 1, Session: pthh4r4eq2su7i18mbkoo2p3kn
2026-02-18 02:31:43 - UserID: 1, Session: pthh4r4eq2su7i18mbkoo2p3kn
2026-02-18 02:31:44 - UserID: 1, Session: pthh4r4eq2su7i18mbkoo2p3kn
2026-02-18 02:31:49 - UserID: 1, Session: pthh4r4eq2su7i18mbkoo2p3kn
2026-02-18 02:31:56 - UserID: 1, Session: pthh4r4eq2su7i18mbkoo2p3kn
2026-02-18 02:31:58 - UserID: 1, Session: pthh4r4eq2su7i18mbkoo2p3kn
2026-02-18 02:32:04 - UserID: 1, Session: pthh4r4eq2su7i18mbkoo2p3kn
2026-02-18 02:33:08 - UserID: 1, Session: pthh4r4eq2su7i18mbkoo2p3kn
2026-02-18 02:33:18 - UserID: 1, Session: pthh4r4eq2su7i18mbkoo2p3kn
2026-02-18 02:33:25 - UserID: 1, Session: pthh4r4eq2su7i18mbkoo2p3kn
2026-02-18 02:33:26 - UserID: 1, Session: pthh4r4eq2su7i18mbkoo2p3kn
2026-02-18 02:33:27 - UserID: 1, Session: pthh4r4eq2su7i18mbkoo2p3kn
2026-02-18 02:33:32 - UserID: 1, Session: pthh4r4eq2su7i18mbkoo2p3kn
2026-02-18 02:33:55 - UserID: 1, Session: pthh4r4eq2su7i18mbkoo2p3kn
2026-02-18 02:34:00 - UserID: 1, Session: pthh4r4eq2su7i18mbkoo2p3kn
2026-02-18 02:34:02 - UserID: 1, Session: pthh4r4eq2su7i18mbkoo2p3kn
2026-02-18 02:34:27 - UserID: 1, Session: pthh4r4eq2su7i18mbkoo2p3kn
2026-02-18 02:35:16 - UserID: 1, Session: pthh4r4eq2su7i18mbkoo2p3kn
2026-02-18 02:35:28 - UserID: 1, Session: pthh4r4eq2su7i18mbkoo2p3kn
2026-02-18 02:36:52 - UserID: 1, Session: pthh4r4eq2su7i18mbkoo2p3kn
2026-02-18 02:37:35 - UserID: 1, Session: pthh4r4eq2su7i18mbkoo2p3kn
2026-02-18 02:42:09 - UserID: 1, Session: pthh4r4eq2su7i18mbkoo2p3kn
2026-02-18 02:42:24 - UserID: 1, Session: pthh4r4eq2su7i18mbkoo2p3kn
2026-02-18 02:45:12 - UserID: 1, Session: pthh4r4eq2su7i18mbkoo2p3kn
2026-02-18 02:46:06 - UserID: 1, Session: pthh4r4eq2su7i18mbkoo2p3kn
2026-02-18 02:50:51 - UserID: 1, Session: pthh4r4eq2su7i18mbkoo2p3kn
2026-02-18 02:50:55 - UserID: 1, Session: pthh4r4eq2su7i18mbkoo2p3kn
2026-02-18 02:50:56 - UserID: 1, Session: pthh4r4eq2su7i18mbkoo2p3kn
2026-02-18 02:50:56 - UserID: 1, Session: pthh4r4eq2su7i18mbkoo2p3kn
2026-02-18 02:53:55 - UserID: 1, Session: pthh4r4eq2su7i18mbkoo2p3kn
2026-02-18 02:54:06 - UserID: 1, Session: pthh4r4eq2su7i18mbkoo2p3kn
2026-02-18 02:54:33 - UserID: 1, Session: pthh4r4eq2su7i18mbkoo2p3kn
2026-02-18 02:54:34 - UserID: 1, Session: pthh4r4eq2su7i18mbkoo2p3kn
2026-02-18 02:54:36 - UserID: 1, Session: pthh4r4eq2su7i18mbkoo2p3kn
2026-02-18 02:54:55 - UserID: 1, Session: pthh4r4eq2su7i18mbkoo2p3kn
2026-02-18 02:54:56 - UserID: 1, Session: pthh4r4eq2su7i18mbkoo2p3kn
2026-02-18 02:54:58 - UserID: 1, Session: pthh4r4eq2su7i18mbkoo2p3kn
2026-02-18 02:56:13 - UserID: 1, Session: pthh4r4eq2su7i18mbkoo2p3kn
2026-02-18 02:56:15 - UserID: 1, Session: pthh4r4eq2su7i18mbkoo2p3kn
2026-02-18 02:56:37 - UserID: 1, Session: pthh4r4eq2su7i18mbkoo2p3kn
2026-02-18 02:56:38 - UserID: 1, Session: pthh4r4eq2su7i18mbkoo2p3kn
2026-02-18 02:56:39 - UserID: 1, Session: pthh4r4eq2su7i18mbkoo2p3kn
2026-02-18 02:56:40 - UserID: 1, Session: pthh4r4eq2su7i18mbkoo2p3kn
2026-02-18 02:56:43 - UserID: 1, Session: pthh4r4eq2su7i18mbkoo2p3kn
2026-02-18 02:57:42 - UserID: 1, Session: pthh4r4eq2su7i18mbkoo2p3kn
2026-02-18 02:57:43 - UserID: 1, Session: pthh4r4eq2su7i18mbkoo2p3kn
2026-02-18 02:57:44 - UserID: 1, Session: pthh4r4eq2su7i18mbkoo2p3kn
2026-02-18 02:58:58 - UserID: 1, Session: pthh4r4eq2su7i18mbkoo2p3kn
2026-02-18 02:59:00 - UserID: 1, Session: pthh4r4eq2su7i18mbkoo2p3kn
2026-02-18 02:59:03 - UserID: 1, Session: pthh4r4eq2su7i18mbkoo2p3kn
2026-02-18 02:59:03 - UserID: 1, Session: pthh4r4eq2su7i18mbkoo2p3kn
2026-02-18 02:59:04 - UserID: 1, Session: pthh4r4eq2su7i18mbkoo2p3kn
2026-02-18 02:59:05 - UserID: 1, Session: pthh4r4eq2su7i18mbkoo2p3kn
2026-02-18 02:59:06 - UserID: 1, Session: pthh4r4eq2su7i18mbkoo2p3kn
2026-02-18 02:59:07 - UserID: 1, Session: pthh4r4eq2su7i18mbkoo2p3kn
2026-02-18 02:59:07 - UserID: 1, Session: pthh4r4eq2su7i18mbkoo2p3kn
2026-02-18 02:59:08 - UserID: 1, Session: pthh4r4eq2su7i18mbkoo2p3kn
2026-02-18 02:59:09 - UserID: 1, Session: pthh4r4eq2su7i18mbkoo2p3kn
2026-02-18 02:59:13 - UserID: 1, Session: pthh4r4eq2su7i18mbkoo2p3kn
2026-02-18 02:59:14 - UserID: 1, Session: pthh4r4eq2su7i18mbkoo2p3kn
2026-02-18 02:59:15 - UserID: 1, Session: pthh4r4eq2su7i18mbkoo2p3kn
2026-02-18 02:59:15 - UserID: 1, Session: pthh4r4eq2su7i18mbkoo2p3kn
2026-02-18 02:59:16 - UserID: 1, Session: pthh4r4eq2su7i18mbkoo2p3kn
2026-02-18 02:59:17 - UserID: 1, Session: pthh4r4eq2su7i18mbkoo2p3kn
2026-02-18 02:59:18 - UserID: 1, Session: pthh4r4eq2su7i18mbkoo2p3kn
2026-02-18 02:59:26 - UserID: 1, Session: pthh4r4eq2su7i18mbkoo2p3kn
2026-02-18 02:59:27 - UserID: 1, Session: pthh4r4eq2su7i18mbkoo2p3kn
2026-02-18 02:59:29 - UserID: 1, Session: pthh4r4eq2su7i18mbkoo2p3kn
2026-02-18 03:00:00 - UserID: 1, Session: pthh4r4eq2su7i18mbkoo2p3kn
2026-02-18 03:00:07 - UserID: 1, Session: pthh4r4eq2su7i18mbkoo2p3kn
2026-02-18 03:00:24 - UserID: 1, Session: pthh4r4eq2su7i18mbkoo2p3kn
2026-02-18 03:00:38 - UserID: 1, Session: pthh4r4eq2su7i18mbkoo2p3kn
2026-02-18 03:00:40 - UserID: 1, Session: pthh4r4eq2su7i18mbkoo2p3kn
2026-02-18 03:01:31 - UserID: 1, Session: pthh4r4eq2su7i18mbkoo2p3kn
2026-02-18 03:06:26 - UserID: 1, Session: pthh4r4eq2su7i18mbkoo2p3kn
2026-02-18 03:07:26 - UserID: 1, Session: pthh4r4eq2su7i18mbkoo2p3kn
2026-02-18 03:07:28 - UserID: 1, Session: pthh4r4eq2su7i18mbkoo2p3kn
2026-02-18 03:07:50 - UserID: 1, Session: pthh4r4eq2su7i18mbkoo2p3kn
2026-02-18 03:08:15 - UserID: 1, Session: pthh4r4eq2su7i18mbkoo2p3kn
2026-02-18 03:08:55 - UserID: 1, Session: pthh4r4eq2su7i18mbkoo2p3kn
2026-02-18 03:09:13 - UserID: 1, Session: pthh4r4eq2su7i18mbkoo2p3kn
2026-02-18 03:09:15 - UserID: 1, Session: pthh4r4eq2su7i18mbkoo2p3kn
2026-02-18 03:09:16 - UserID: 1, Session: pthh4r4eq2su7i18mbkoo2p3kn
2026-02-18 03:09:18 - UserID: 1, Session: pthh4r4eq2su7i18mbkoo2p3kn
2026-02-18 03:09:18 - UserID: 1, Session: pthh4r4eq2su7i18mbkoo2p3kn
2026-02-18 03:09:19 - UserID: 1, Session: pthh4r4eq2su7i18mbkoo2p3kn
2026-02-18 03:09:20 - UserID: 1, Session: pthh4r4eq2su7i18mbkoo2p3kn
2026-02-18 03:11:30 - UserID: 1, Session: pthh4r4eq2su7i18mbkoo2p3kn
2026-02-18 03:11:34 - UserID: 1, Session: pthh4r4eq2su7i18mbkoo2p3kn
2026-02-18 03:11:42 - UserID: 1, Session: pthh4r4eq2su7i18mbkoo2p3kn
2026-02-18 03:13:03 - UserID: 1, Session: pthh4r4eq2su7i18mbkoo2p3kn
2026-02-18 03:13:04 - UserID: 1, Session: pthh4r4eq2su7i18mbkoo2p3kn
2026-02-18 03:13:05 - UserID: 1, Session: pthh4r4eq2su7i18mbkoo2p3kn
2026-02-18 03:13:22 - UserID: 1, Session: pthh4r4eq2su7i18mbkoo2p3kn
2026-02-18 03:13:22 - UserID: 1, Session: pthh4r4eq2su7i18mbkoo2p3kn
2026-02-18 03:13:23 - UserID: 1, Session: pthh4r4eq2su7i18mbkoo2p3kn
2026-02-18 03:13:24 - UserID: 1, Session: pthh4r4eq2su7i18mbkoo2p3kn
2026-02-18 03:13:24 - UserID: 1, Session: pthh4r4eq2su7i18mbkoo2p3kn
2026-02-18 03:13:25 - UserID: 1, Session: pthh4r4eq2su7i18mbkoo2p3kn
2026-02-18 03:13:28 - UserID: 1, Session: pthh4r4eq2su7i18mbkoo2p3kn
2026-02-18 03:14:01 - UserID: 1, Session: pthh4r4eq2su7i18mbkoo2p3kn
2026-02-18 03:14:02 - UserID: 1, Session: pthh4r4eq2su7i18mbkoo2p3kn
2026-02-18 03:15:36 - UserID: 1, Session: pthh4r4eq2su7i18mbkoo2p3kn
2026-02-18 03:15:49 - UserID: 1, Session: pthh4r4eq2su7i18mbkoo2p3kn
2026-02-18 03:20:23 - UserID: 1, Session: pthh4r4eq2su7i18mbkoo2p3kn
2026-02-18 03:20:25 - UserID: 1, Session: pthh4r4eq2su7i18mbkoo2p3kn
2026-02-18 03:20:26 - UserID: 1, Session: pthh4r4eq2su7i18mbkoo2p3kn
2026-02-18 03:21:30 - UserID: 1, Session: pthh4r4eq2su7i18mbkoo2p3kn
2026-02-18 03:21:31 - UserID: 1, Session: pthh4r4eq2su7i18mbkoo2p3kn
2026-02-18 03:21:33 - UserID: 1, Session: pthh4r4eq2su7i18mbkoo2p3kn
2026-02-18 03:21:34 - UserID: 1, Session: pthh4r4eq2su7i18mbkoo2p3kn
2026-02-18 03:21:35 - UserID: 1, Session: pthh4r4eq2su7i18mbkoo2p3kn
2026-02-18 03:24:23 - UserID: 1, Session: pthh4r4eq2su7i18mbkoo2p3kn
2026-02-18 03:24:24 - UserID: 1, Session: pthh4r4eq2su7i18mbkoo2p3kn
2026-02-18 03:24:42 - UserID: 1, Session: pthh4r4eq2su7i18mbkoo2p3kn
2026-02-18 03:24:47 - UserID: 1, Session: pthh4r4eq2su7i18mbkoo2p3kn
2026-02-18 03:26:17 - UserID: 1, Session: pthh4r4eq2su7i18mbkoo2p3kn
2026-02-18 03:26:28 - UserID: 1, Session: pthh4r4eq2su7i18mbkoo2p3kn
2026-02-18 03:26:44 - UserID: 1, Session: pthh4r4eq2su7i18mbkoo2p3kn
2026-02-18 03:26:46 - UserID: 1, Session: pthh4r4eq2su7i18mbkoo2p3kn
2026-02-18 03:26:48 - UserID: 1, Session: pthh4r4eq2su7i18mbkoo2p3kn
2026-02-18 03:26:49 - UserID: 1, Session: pthh4r4eq2su7i18mbkoo2p3kn
2026-02-18 03:27:40 - UserID: 1, Session: pthh4r4eq2su7i18mbkoo2p3kn
2026-02-18 03:27:45 - UserID: 1, Session: pthh4r4eq2su7i18mbkoo2p3kn
2026-02-18 03:27:46 - UserID: 1, Session: pthh4r4eq2su7i18mbkoo2p3kn
2026-02-18 03:28:03 - UserID: 1, Session: pthh4r4eq2su7i18mbkoo2p3kn
2026-02-18 03:28:28 - UserID: 1, Session: pthh4r4eq2su7i18mbkoo2p3kn
2026-02-18 03:28:30 - UserID: 1, Session: pthh4r4eq2su7i18mbkoo2p3kn
2026-02-18 03:29:21 - UserID: 1, Session: pthh4r4eq2su7i18mbkoo2p3kn
2026-02-18 03:29:22 - UserID: 1, Session: pthh4r4eq2su7i18mbkoo2p3kn
2026-02-18 03:29:23 - UserID: 1, Session: pthh4r4eq2su7i18mbkoo2p3kn
2026-02-18 03:29:23 - UserID: 1, Session: pthh4r4eq2su7i18mbkoo2p3kn
2026-02-18 03:29:24 - UserID: 1, Session: pthh4r4eq2su7i18mbkoo2p3kn
2026-02-18 03:29:24 - UserID: 1, Session: pthh4r4eq2su7i18mbkoo2p3kn
2026-02-18 03:29:50 - UserID: 1, Session: pthh4r4eq2su7i18mbkoo2p3kn
2026-02-18 03:30:18 - UserID: 1, Session: pthh4r4eq2su7i18mbkoo2p3kn
2026-02-18 03:30:19 - UserID: 1, Session: pthh4r4eq2su7i18mbkoo2p3kn
2026-02-18 03:31:53 - UserID: 1, Session: pthh4r4eq2su7i18mbkoo2p3kn
2026-02-18 03:31:59 - UserID: 1, Session: pthh4r4eq2su7i18mbkoo2p3kn
2026-02-18 03:32:00 - UserID: 1, Session: pthh4r4eq2su7i18mbkoo2p3kn
2026-02-18 03:32:15 - UserID: 1, Session: pthh4r4eq2su7i18mbkoo2p3kn
2026-02-18 03:33:04 - UserID: 1, Session: pthh4r4eq2su7i18mbkoo2p3kn
2026-02-18 03:33:08 - UserID: 1, Session: pthh4r4eq2su7i18mbkoo2p3kn
2026-02-18 03:33:10 - UserID: 1, Session: pthh4r4eq2su7i18mbkoo2p3kn
2026-02-18 03:33:11 - UserID: 1, Session: pthh4r4eq2su7i18mbkoo2p3kn
2026-02-18 03:33:54 - UserID: 1, Session: pthh4r4eq2su7i18mbkoo2p3kn
2026-02-18 03:34:15 - UserID: 1, Session: pthh4r4eq2su7i18mbkoo2p3kn
2026-02-18 03:34:58 - UserID: 1, Session: pthh4r4eq2su7i18mbkoo2p3kn
2026-02-18 03:35:03 - UserID: 1, Session: pthh4r4eq2su7i18mbkoo2p3kn
2026-02-18 03:35:15 - UserID: 1, Session: pthh4r4eq2su7i18mbkoo2p3kn
2026-02-18 03:36:51 - UserID: 1, Session: pthh4r4eq2su7i18mbkoo2p3kn
2026-02-18 03:38:05 - UserID: 1, Session: pthh4r4eq2su7i18mbkoo2p3kn
2026-02-18 03:38:47 - UserID: 1, Session: pthh4r4eq2su7i18mbkoo2p3kn
2026-02-18 03:39:46 - UserID: 1, Session: pthh4r4eq2su7i18mbkoo2p3kn
2026-02-18 03:40:05 - UserID: 1, Session: pthh4r4eq2su7i18mbkoo2p3kn
2026-02-18 03:40:08 - UserID: 1, Session: pthh4r4eq2su7i18mbkoo2p3kn
2026-02-18 03:41:35 - UserID: 1, Session: pthh4r4eq2su7i18mbkoo2p3kn
2026-02-18 03:41:36 - UserID: 1, Session: pthh4r4eq2su7i18mbkoo2p3kn
2026-02-18 03:42:48 - UserID: 1, Session: pthh4r4eq2su7i18mbkoo2p3kn
2026-02-18 03:43:54 - UserID: 1, Session: pthh4r4eq2su7i18mbkoo2p3kn
2026-02-18 03:43:55 - UserID: 1, Session: pthh4r4eq2su7i18mbkoo2p3kn
2026-02-18 03:44:27 - UserID: 1, Session: pthh4r4eq2su7i18mbkoo2p3kn
2026-02-18 03:44:28 - UserID: 1, Session: pthh4r4eq2su7i18mbkoo2p3kn
2026-02-18 03:44:47 - UserID: 1, Session: pthh4r4eq2su7i18mbkoo2p3kn
2026-02-18 03:45:44 - UserID: 1, Session: pthh4r4eq2su7i18mbkoo2p3kn
2026-02-18 03:45:45 - UserID: 1, Session: pthh4r4eq2su7i18mbkoo2p3kn
2026-02-18 03:47:02 - UserID: 1, Session: pthh4r4eq2su7i18mbkoo2p3kn
2026-02-18 03:47:03 - UserID: 1, Session: pthh4r4eq2su7i18mbkoo2p3kn
2026-02-18 03:47:07 - UserID: 1, Session: pthh4r4eq2su7i18mbkoo2p3kn
2026-02-18 03:47:11 - UserID: 1, Session: pthh4r4eq2su7i18mbkoo2p3kn
2026-02-18 03:47:46 - UserID: 1, Session: pthh4r4eq2su7i18mbkoo2p3kn
2026-02-18 03:48:07 - UserID: 1, Session: pthh4r4eq2su7i18mbkoo2p3kn
2026-02-18 03:48:09 - UserID: 1, Session: pthh4r4eq2su7i18mbkoo2p3kn
2026-02-18 03:48:56 - UPLOAD ATTEMPT - UserID: 1, POST: {"title":"qq","category":"Projets","description":"qq","important":"on"}
2026-02-18 03:48:56 - UserID: 1, Session: pthh4r4eq2su7i18mbkoo2p3kn
2026-02-18 03:49:13 - UserID: 1, Session: pthh4r4eq2su7i18mbkoo2p3kn
2026-02-18 03:49:32 - UserID: 1, Session: pthh4r4eq2su7i18mbkoo2p3kn
2026-02-18 03:49:33 - UserID: 1, Session: pthh4r4eq2su7i18mbkoo2p3kn
2026-02-18 03:49:37 - UserID: 1, Session: pthh4r4eq2su7i18mbkoo2p3kn
2026-02-18 03:49:38 - UserID: 1, Session: pthh4r4eq2su7i18mbkoo2p3kn
2026-02-18 03:49:44 - UserID: 1, Session: pthh4r4eq2su7i18mbkoo2p3kn
2026-02-18 03:49:47 - UserID: 1, Session: pthh4r4eq2su7i18mbkoo2p3kn
2026-02-18 03:49:48 - UserID: 1, Session: pthh4r4eq2su7i18mbkoo2p3kn
2026-02-18 03:50:23 - UserID: 1, Session: pthh4r4eq2su7i18mbkoo2p3kn
2026-02-18 03:50:26 - UserID: 1, Session: pthh4r4eq2su7i18mbkoo2p3kn
2026-02-18 03:50:27 - UserID: 1, Session: pthh4r4eq2su7i18mbkoo2p3kn
2026-02-18 03:50:27 - UserID: 1, Session: pthh4r4eq2su7i18mbkoo2p3kn
2026-02-18 03:50:27 - UserID: 1, Session: pthh4r4eq2su7i18mbkoo2p3kn
2026-02-18 03:50:27 - UserID: 1, Session: pthh4r4eq2su7i18mbkoo2p3kn
2026-02-18 03:50:29 - UserID: 1, Session: pthh4r4eq2su7i18mbkoo2p3kn
2026-02-18 03:50:33 - UserID: 1, Session: pthh4r4eq2su7i18mbkoo2p3kn
2026-02-18 03:50:34 - UserID: 1, Session: pthh4r4eq2su7i18mbkoo2p3kn
2026-02-18 03:50:40 - UserID: 1, Session: pthh4r4eq2su7i18mbkoo2p3kn
2026-02-18 03:50:41 - UserID: 1, Session: pthh4r4eq2su7i18mbkoo2p3kn
2026-02-18 03:50:41 - UserID: 1, Session: pthh4r4eq2su7i18mbkoo2p3kn
2026-02-18 03:50:47 - UserID: 1, Session: pthh4r4eq2su7i18mbkoo2p3kn
2026-02-18 03:51:08 - UserID: 1, Session: pthh4r4eq2su7i18mbkoo2p3kn
2026-02-18 03:51:51 - UserID: 1, Session: pthh4r4eq2su7i18mbkoo2p3kn
2026-02-18 03:52:07 - UserID: 1, Session: pthh4r4eq2su7i18mbkoo2p3kn
2026-02-18 03:52:08 - UserID: 1, Session: pthh4r4eq2su7i18mbkoo2p3kn
2026-02-18 03:52:09 - UserID: 1, Session: pthh4r4eq2su7i18mbkoo2p3kn
2026-02-18 03:52:09 - UserID: 1, Session: pthh4r4eq2su7i18mbkoo2p3kn
2026-02-18 03:52:14 - UserID: 1, Session: pthh4r4eq2su7i18mbkoo2p3kn
2026-02-18 03:52:21 - UserID: 1, Session: pthh4r4eq2su7i18mbkoo2p3kn
2026-02-18 03:53:58 - UPLOAD ATTEMPT - UserID: 1, POST: {"title":"aaaaa","category":"Personnel","description":""}
2026-02-18 03:54:30 - UPLOAD ATTEMPT - UserID: 1, POST: {"title":"aaaaa","category":"Personnel","description":""}
2026-02-18 03:54:30 - UserID: 1, Session: pthh4r4eq2su7i18mbkoo2p3kn
2026-02-18 03:54:43 - UserID: 1, Session: pthh4r4eq2su7i18mbkoo2p3kn
2026-02-18 03:54:55 - UserID: 1, Session: pthh4r4eq2su7i18mbkoo2p3kn
2026-02-18 03:57:46 - UserID: 1, Session: pthh4r4eq2su7i18mbkoo2p3kn
2026-02-18 11:12:29 - UserID: 1, Session: pthh4r4eq2su7i18mbkoo2p3kn
2026-02-18 11:14:23 - UserID: 1, Session: pthh4r4eq2su7i18mbkoo2p3kn
2026-02-18 11:16:37 - UserID: 1, Session: pthh4r4eq2su7i18mbkoo2p3kn
2026-02-18 11:16:46 - UserID: 1, Session: pthh4r4eq2su7i18mbkoo2p3kn
2026-02-18 11:16:47 - UserID: 1, Session: pthh4r4eq2su7i18mbkoo2p3kn
2026-02-18 11:16:53 - UserID: 1, Session: pthh4r4eq2su7i18mbkoo2p3kn
2026-02-18 11:16:54 - UserID: 1, Session: pthh4r4eq2su7i18mbkoo2p3kn
2026-02-18 11:16:54 - UserID: 1, Session: pthh4r4eq2su7i18mbkoo2p3kn
2026-02-18 11:17:00 - UserID: 1, Session: pthh4r4eq2su7i18mbkoo2p3kn
2026-02-18 11:17:02 - UserID: 1, Session: pthh4r4eq2su7i18mbkoo2p3kn
2026-02-18 11:17:03 - UserID: 1, Session: pthh4r4eq2su7i18mbkoo2p3kn
2026-02-18 11:17:04 - UserID: 1, Session: pthh4r4eq2su7i18mbkoo2p3kn
2026-02-18 11:17:05 - UserID: 1, Session: pthh4r4eq2su7i18mbkoo2p3kn
2026-02-18 11:17:22 - UserID: 1, Session: pthh4r4eq2su7i18mbkoo2p3kn
2026-02-18 11:18:51 - UserID: 1, Session: pthh4r4eq2su7i18mbkoo2p3kn
2026-02-18 11:18:52 - UserID: 1, Session: pthh4r4eq2su7i18mbkoo2p3kn
2026-02-18 11:18:54 - UserID: 1, Session: pthh4r4eq2su7i18mbkoo2p3kn
2026-02-18 11:19:04 - UserID: 1, Session: pthh4r4eq2su7i18mbkoo2p3kn
2026-02-18 11:19:27 - UserID: 1, Session: pthh4r4eq2su7i18mbkoo2p3kn
2026-02-18 11:19:29 - UserID: 1, Session: pthh4r4eq2su7i18mbkoo2p3kn
2026-02-18 11:19:32 - UserID: 1, Session: pthh4r4eq2su7i18mbkoo2p3kn
2026-02-18 11:19:34 - UserID: 1, Session: pthh4r4eq2su7i18mbkoo2p3kn
2026-02-18 11:19:39 - UserID: 1, Session: pthh4r4eq2su7i18mbkoo2p3kn
2026-02-18 11:19:40 - UserID: 1, Session: pthh4r4eq2su7i18mbkoo2p3kn
2026-02-18 11:19:42 - UserID: 1, Session: pthh4r4eq2su7i18mbkoo2p3kn
2026-02-18 11:20:23 - UserID: 1, Session: pthh4r4eq2su7i18mbkoo2p3kn
2026-02-18 11:24:59 - UserID: 1, Session: pthh4r4eq2su7i18mbkoo2p3kn
2026-02-18 11:25:05 - UserID: 1, Session: pthh4r4eq2su7i18mbkoo2p3kn
2026-02-18 11:25:10 - UserID: 1, Session: pthh4r4eq2su7i18mbkoo2p3kn
2026-02-18 11:25:42 - UserID: 1, Session: pthh4r4eq2su7i18mbkoo2p3kn
2026-02-18 11:25:47 - UserID: 1, Session: pthh4r4eq2su7i18mbkoo2p3kn
2026-02-18 11:33:38 - UserID: 1, Session: pthh4r4eq2su7i18mbkoo2p3kn
2026-02-18 11:34:05 - UserID: 1, Session: pthh4r4eq2su7i18mbkoo2p3kn
2026-02-18 11:34:12 - UserID: 1, Session: pthh4r4eq2su7i18mbkoo2p3kn
2026-02-18 11:36:19 - UserID: 1, Session: pthh4r4eq2su7i18mbkoo2p3kn
2026-02-18 11:37:55 - UserID: 1, Session: pthh4r4eq2su7i18mbkoo2p3kn
2026-02-18 11:38:26 - UserID: 1, Session: pthh4r4eq2su7i18mbkoo2p3kn
2026-02-18 11:48:15 - UserID: 1, Session: pthh4r4eq2su7i18mbkoo2p3kn
2026-02-18 11:49:28 - UserID: 1, Session: pthh4r4eq2su7i18mbkoo2p3kn
2026-02-18 11:51:56 - UserID: 1, Session: pthh4r4eq2su7i18mbkoo2p3kn
2026-02-18 11:51:56 - UserID: 1, Session: pthh4r4eq2su7i18mbkoo2p3kn
2026-02-18 11:51:57 - UserID: 1, Session: pthh4r4eq2su7i18mbkoo2p3kn
2026-02-18 11:51:59 - UserID: 1, Session: pthh4r4eq2su7i18mbkoo2p3kn
2026-02-18 11:52:15 - UserID: 1, Session: pthh4r4eq2su7i18mbkoo2p3kn
2026-02-18 11:52:40 - UserID: 1, Session: pthh4r4eq2su7i18mbkoo2p3kn
2026-02-18 11:53:08 - UserID: 1, Session: pthh4r4eq2su7i18mbkoo2p3kn
2026-02-18 11:53:17 - UserID: 1, Session: pthh4r4eq2su7i18mbkoo2p3kn
2026-02-18 11:54:56 - UserID: 1, Session: pthh4r4eq2su7i18mbkoo2p3kn
2026-02-18 11:55:19 - UserID: 1, Session: pthh4r4eq2su7i18mbkoo2p3kn
2026-02-18 11:55:23 - UserID: 1, Session: pthh4r4eq2su7i18mbkoo2p3kn
2026-02-18 11:55:34 - UserID: 1, Session: pthh4r4eq2su7i18mbkoo2p3kn
2026-02-18 11:56:15 - UserID: 1, Session: pthh4r4eq2su7i18mbkoo2p3kn
2026-02-18 11:56:27 - UserID: 1, Session: pthh4r4eq2su7i18mbkoo2p3kn
2026-02-18 11:57:12 - UserID: 1, Session: pthh4r4eq2su7i18mbkoo2p3kn
2026-02-18 11:57:25 - UserID: 1, Session: pthh4r4eq2su7i18mbkoo2p3kn
2026-02-18 11:57:28 - UserID: 1, Session: pthh4r4eq2su7i18mbkoo2p3kn
2026-02-18 11:57:32 - UserID: 1, Session: pthh4r4eq2su7i18mbkoo2p3kn
2026-02-18 11:57:33 - UserID: 1, Session: pthh4r4eq2su7i18mbkoo2p3kn
2026-02-18 11:58:07 - UserID: 1, Session: pthh4r4eq2su7i18mbkoo2p3kn
2026-02-18 12:00:15 - UserID: 1, Session: pthh4r4eq2su7i18mbkoo2p3kn
2026-02-18 12:01:03 - UserID: 1, Session: pthh4r4eq2su7i18mbkoo2p3kn
2026-02-18 12:01:13 - UserID: 1, Session: pthh4r4eq2su7i18mbkoo2p3kn
2026-02-18 12:02:40 - UserID: 1, Session: pthh4r4eq2su7i18mbkoo2p3kn
2026-02-18 12:03:34 - UserID: 1, Session: pthh4r4eq2su7i18mbkoo2p3kn
2026-02-18 12:03:37 - UserID: 1, Session: pthh4r4eq2su7i18mbkoo2p3kn
2026-02-18 12:03:45 - UserID: 1, Session: pthh4r4eq2su7i18mbkoo2p3kn
2026-02-18 12:04:05 - UserID: 1, Session: pthh4r4eq2su7i18mbkoo2p3kn
2026-02-18 12:04:08 - UserID: 1, Session: pthh4r4eq2su7i18mbkoo2p3kn
2026-02-18 12:04:09 - UserID: 1, Session: pthh4r4eq2su7i18mbkoo2p3kn
2026-02-18 12:04:14 - UserID: 1, Session: pthh4r4eq2su7i18mbkoo2p3kn
2026-02-18 12:04:16 - UserID: 1, Session: pthh4r4eq2su7i18mbkoo2p3kn
2026-02-18 12:06:36 - UserID: 1, Session: pthh4r4eq2su7i18mbkoo2p3kn
2026-02-18 12:06:41 - UserID: 1, Session: pthh4r4eq2su7i18mbkoo2p3kn
2026-02-18 12:07:00 - UserID: 1, Session: pthh4r4eq2su7i18mbkoo2p3kn
2026-02-18 12:10:13 - UserID: 1, Session: pthh4r4eq2su7i18mbkoo2p3kn
2026-02-18 12:10:16 - UserID: 1, Session: pthh4r4eq2su7i18mbkoo2p3kn
2026-02-18 12:15:48 - UserID: 1, Session: pthh4r4eq2su7i18mbkoo2p3kn
2026-02-18 12:16:36 - UserID: 1, Session: pthh4r4eq2su7i18mbkoo2p3kn
2026-02-18 12:20:31 - UserID: 1, Session: pthh4r4eq2su7i18mbkoo2p3kn
2026-02-18 12:20:33 - UserID: 1, Session: pthh4r4eq2su7i18mbkoo2p3kn
2026-02-18 12:20:48 - UserID: 1, Session: pthh4r4eq2su7i18mbkoo2p3kn
2026-02-18 12:22:09 - UPLOAD ATTEMPT - UserID: 1, POST: {"title":"photo ","category":"Facture","description":"aaa"}
2026-02-18 12:22:09 - UserID: 1, Session: pthh4r4eq2su7i18mbkoo2p3kn
2026-02-18 12:22:32 - UserID: 1, Session: pthh4r4eq2su7i18mbkoo2p3kn
2026-02-18 12:22:35 - UserID: 1, Session: pthh4r4eq2su7i18mbkoo2p3kn
2026-02-18 12:28:50 - UserID: 1, Session: pthh4r4eq2su7i18mbkoo2p3kn
2026-02-18 12:28:52 - UserID: 1, Session: pthh4r4eq2su7i18mbkoo2p3kn
2026-02-18 12:29:09 - UserID: 1, Session: pthh4r4eq2su7i18mbkoo2p3kn
2026-02-18 12:29:18 - UserID: 1, Session: pthh4r4eq2su7i18mbkoo2p3kn
2026-02-18 12:29:29 - UserID: 1, Session: pthh4r4eq2su7i18mbkoo2p3kn
2026-02-18 12:29:54 - UserID: 1, Session: pthh4r4eq2su7i18mbkoo2p3kn
2026-02-18 12:31:54 - UPLOAD ATTEMPT - UserID: 1, POST: {"title":"sa","category":"Image","description":".."}
2026-02-18 12:31:54 - UserID: 1, Session: pthh4r4eq2su7i18mbkoo2p3kn
2026-02-18 12:35:37 - UserID: 1, Session: pthh4r4eq2su7i18mbkoo2p3kn
2026-02-18 12:35:42 - UserID: 1, Session: pthh4r4eq2su7i18mbkoo2p3kn
2026-02-18 12:42:52 - UserID: 1, Session: pthh4r4eq2su7i18mbkoo2p3kn
2026-02-18 12:42:53 - UserID: 1, Session: pthh4r4eq2su7i18mbkoo2p3kn
2026-02-18 12:42:57 - UserID: 1, Session: pthh4r4eq2su7i18mbkoo2p3kn
2026-02-18 12:42:57 - UserID: 1, Session: pthh4r4eq2su7i18mbkoo2p3kn
2026-02-18 12:48:12 - UserID: 1, Session: pthh4r4eq2su7i18mbkoo2p3kn
2026-02-18 12:48:48 - UserID: 1, Session: pthh4r4eq2su7i18mbkoo2p3kn
2026-02-18 12:48:50 - UserID: 1, Session: pthh4r4eq2su7i18mbkoo2p3kn
2026-02-18 12:48:55 - UserID: 1, Session: pthh4r4eq2su7i18mbkoo2p3kn
2026-02-18 12:50:27 - UserID: 1, Session: pthh4r4eq2su7i18mbkoo2p3kn
2026-02-18 12:50:31 - UserID: 1, Session: pthh4r4eq2su7i18mbkoo2p3kn
2026-02-18 12:51:26 - UserID: 1, Session: pthh4r4eq2su7i18mbkoo2p3kn
2026-02-18 12:53:31 - UserID: 1, Session: pthh4r4eq2su7i18mbkoo2p3kn
2026-02-18 12:55:24 - UserID: 1, Session: pthh4r4eq2su7i18mbkoo2p3kn
2026-02-18 12:55:25 - UserID: 1, Session: pthh4r4eq2su7i18mbkoo2p3kn
2026-02-18 12:59:22 - UserID: 1, Session: pthh4r4eq2su7i18mbkoo2p3kn
2026-02-18 12:59:29 - UserID: 1, Session: pthh4r4eq2su7i18mbkoo2p3kn
2026-02-18 12:59:30 - UserID: 1, Session: pthh4r4eq2su7i18mbkoo2p3kn
2026-02-18 16:19:03 - UserID: 1, Session: 5cllliv6ktqfcau70ukhh9ndru
2026-02-18 16:20:38 - UserID: 1, Session: 5cllliv6ktqfcau70ukhh9ndru
2026-02-18 16:20:51 - UserID: 1, Session: 5cllliv6ktqfcau70ukhh9ndru
2026-02-18 16:20:58 - UserID: 1, Session: 5cllliv6ktqfcau70ukhh9ndru
2026-02-18 16:21:06 - UserID: 1, Session: 5cllliv6ktqfcau70ukhh9ndru
2026-02-18 16:21:47 - UserID: 1, Session: 5cllliv6ktqfcau70ukhh9ndru
2026-02-18 16:22:22 - UserID: 1, Session: 5cllliv6ktqfcau70ukhh9ndru
2026-02-18 16:22:42 - UserID: 1, Session: 5cllliv6ktqfcau70ukhh9ndru
2026-02-18 16:22:59 - UserID: 1, Session: 5cllliv6ktqfcau70ukhh9ndru
2026-02-18 16:28:27 - UserID: 1, Session: cnmok8v2tvkbgrbfptvaun05i3
2026-02-18 16:30:47 - UserID: 1, Session: cnmok8v2tvkbgrbfptvaun05i3
2026-02-18 16:30:49 - UserID: 1, Session: cnmok8v2tvkbgrbfptvaun05i3
2026-02-18 16:30:53 - UserID: 1, Session: cnmok8v2tvkbgrbfptvaun05i3
2026-02-18 16:31:00 - UserID: 1, Session: cnmok8v2tvkbgrbfptvaun05i3
2026-02-18 16:32:05 - UserID: 1, Session: cnmok8v2tvkbgrbfptvaun05i3
2026-02-18 16:32:26 - UserID: 1, Session: cnmok8v2tvkbgrbfptvaun05i3
2026-02-18 16:32:28 - UserID: 1, Session: cnmok8v2tvkbgrbfptvaun05i3
2026-02-18 16:33:01 - UserID: 1, Session: cnmok8v2tvkbgrbfptvaun05i3
2026-02-18 16:36:15 - UserID: 1, Session: cnmok8v2tvkbgrbfptvaun05i3
2026-02-18 16:56:19 - UserID: 1, Session: cnmok8v2tvkbgrbfptvaun05i3
2026-02-18 16:56:24 - UserID: 1, Session: cnmok8v2tvkbgrbfptvaun05i3
2026-02-18 16:57:09 - UserID: 1, Session: cnmok8v2tvkbgrbfptvaun05i3
2026-02-18 16:57:14 - UserID: 1, Session: cnmok8v2tvkbgrbfptvaun05i3
2026-02-18 16:57:16 - UserID: 1, Session: cnmok8v2tvkbgrbfptvaun05i3
2026-02-18 16:57:33 - UserID: 1, Session: cnmok8v2tvkbgrbfptvaun05i3
2026-02-18 16:57:43 - UserID: 1, Session: cnmok8v2tvkbgrbfptvaun05i3
2026-02-18 16:57:47 - UserID: 1, Session: cnmok8v2tvkbgrbfptvaun05i3
2026-02-18 16:57:57 - UserID: 1, Session: cnmok8v2tvkbgrbfptvaun05i3
2026-02-18 16:57:58 - UserID: 1, Session: cnmok8v2tvkbgrbfptvaun05i3
2026-02-18 16:58:17 - UserID: 1, Session: cnmok8v2tvkbgrbfptvaun05i3
2026-02-18 16:58:19 - UserID: 1, Session: cnmok8v2tvkbgrbfptvaun05i3
2026-02-18 16:58:28 - UserID: 1, Session: cnmok8v2tvkbgrbfptvaun05i3
2026-02-18 16:58:31 - UserID: 1, Session: cnmok8v2tvkbgrbfptvaun05i3
2026-02-18 16:58:34 - UserID: 1, Session: cnmok8v2tvkbgrbfptvaun05i3
2026-02-18 16:58:36 - UserID: 1, Session: cnmok8v2tvkbgrbfptvaun05i3
2026-02-18 17:06:25 - UserID: 1, Session: cnmok8v2tvkbgrbfptvaun05i3
2026-02-18 17:09:00 - UserID: 1, Session: cnmok8v2tvkbgrbfptvaun05i3
2026-02-18 17:09:39 - UserID: 1, Session: cnmok8v2tvkbgrbfptvaun05i3
2026-02-18 17:11:55 - UserID: 1, Session: cnmok8v2tvkbgrbfptvaun05i3
2026-02-18 17:12:36 - UserID: 1, Session: cnmok8v2tvkbgrbfptvaun05i3
2026-02-18 17:12:38 - UserID: 1, Session: cnmok8v2tvkbgrbfptvaun05i3
2026-02-18 17:13:11 - UserID: 1, Session: cnmok8v2tvkbgrbfptvaun05i3
2026-02-18 17:13:14 - UserID: 1, Session: cnmok8v2tvkbgrbfptvaun05i3
2026-02-18 17:13:42 - UserID: 1, Session: cnmok8v2tvkbgrbfptvaun05i3
2026-02-18 17:13:49 - UserID: 1, Session: cnmok8v2tvkbgrbfptvaun05i3
2026-02-18 17:15:45 - UserID: 1, Session: cnmok8v2tvkbgrbfptvaun05i3
2026-02-18 17:15:47 - UserID: 1, Session: cnmok8v2tvkbgrbfptvaun05i3
2026-02-18 17:16:00 - UserID: 1, Session: cnmok8v2tvkbgrbfptvaun05i3
2026-02-18 17:16:06 - UserID: 1, Session: cnmok8v2tvkbgrbfptvaun05i3
2026-02-18 17:16:10 - UserID: 1, Session: cnmok8v2tvkbgrbfptvaun05i3
2026-02-18 17:16:11 - UserID: 1, Session: cnmok8v2tvkbgrbfptvaun05i3
2026-02-18 17:16:13 - UserID: 1, Session: cnmok8v2tvkbgrbfptvaun05i3
2026-02-18 17:16:15 - UserID: 1, Session: cnmok8v2tvkbgrbfptvaun05i3
2026-02-18 17:16:17 - UserID: 1, Session: cnmok8v2tvkbgrbfptvaun05i3
2026-02-18 17:16:27 - UserID: 1, Session: cnmok8v2tvkbgrbfptvaun05i3
2026-02-18 17:16:29 - UserID: 1, Session: cnmok8v2tvkbgrbfptvaun05i3
2026-02-18 17:16:45 - UserID: 1, Session: cnmok8v2tvkbgrbfptvaun05i3
2026-02-18 17:18:40 - UserID: 1, Session: cnmok8v2tvkbgrbfptvaun05i3
2026-02-18 17:19:19 - UserID: 1, Session: cnmok8v2tvkbgrbfptvaun05i3
2026-02-18 17:20:06 - UserID: 1, Session: cnmok8v2tvkbgrbfptvaun05i3
2026-02-18 18:39:32 - UserID: 1, Session: cnmok8v2tvkbgrbfptvaun05i3
2026-02-18 18:57:52 - UserID: 1, Session: cnmok8v2tvkbgrbfptvaun05i3
2026-02-18 18:57:55 - UserID: 1, Session: cnmok8v2tvkbgrbfptvaun05i3
2026-02-18 18:57:57 - UserID: 1, Session: cnmok8v2tvkbgrbfptvaun05i3
2026-02-18 18:58:14 - UserID: 1, Session: cnmok8v2tvkbgrbfptvaun05i3
2026-02-19 12:29:17 - UserID: 1, Session: 141v1idropn1fb8hjrfmk28dkr
2026-02-19 12:29:34 - UserID: 1, Session: 141v1idropn1fb8hjrfmk28dkr
2026-02-19 12:29:38 - UserID: 1, Session: 141v1idropn1fb8hjrfmk28dkr
2026-02-19 12:39:22 - UserID: 1, Session: 141v1idropn1fb8hjrfmk28dkr
2026-02-19 12:39:31 - UserID: 1, Session: 141v1idropn1fb8hjrfmk28dkr
2026-02-19 12:39:34 - UserID: 1, Session: 141v1idropn1fb8hjrfmk28dkr
2026-02-19 12:40:11 - UserID: 1, Session: 141v1idropn1fb8hjrfmk28dkr
2026-02-19 12:40:16 - UserID: 1, Session: 141v1idropn1fb8hjrfmk28dkr
2026-02-19 12:40:21 - UserID: 1, Session: 141v1idropn1fb8hjrfmk28dkr
2026-02-19 12:40:24 - UserID: 1, Session: 141v1idropn1fb8hjrfmk28dkr
2026-02-19 12:40:30 - UserID: 1, Session: 141v1idropn1fb8hjrfmk28dkr
2026-02-19 12:40:45 - UserID: 1, Session: 141v1idropn1fb8hjrfmk28dkr
2026-02-19 12:42:25 - UserID: 1, Session: 141v1idropn1fb8hjrfmk28dkr
2026-02-19 12:44:18 - UserID: 1, Session: bfeq1nemeklec8kr6vq57dqq62
2026-02-19 12:54:24 - UserID: 1, Session: bfeq1nemeklec8kr6vq57dqq62
2026-02-19 12:54:26 - UserID: 1, Session: bfeq1nemeklec8kr6vq57dqq62
2026-02-19 12:54:42 - UserID: 1, Session: bfeq1nemeklec8kr6vq57dqq62
2026-02-19 12:55:32 - UserID: 1, Session: bfeq1nemeklec8kr6vq57dqq62
2026-02-19 12:55:34 - UserID: 1, Session: bfeq1nemeklec8kr6vq57dqq62
2026-02-19 12:55:35 - UserID: 1, Session: bfeq1nemeklec8kr6vq57dqq62
2026-02-19 12:55:49 - UserID: 1, Session: bfeq1nemeklec8kr6vq57dqq62
2026-02-19 13:29:23 - UserID: 1, Session: bfeq1nemeklec8kr6vq57dqq62
2026-02-19 15:24:19 - UserID: 1, Session: bfeq1nemeklec8kr6vq57dqq62
2026-02-19 15:24:20 - UserID: 1, Session: bfeq1nemeklec8kr6vq57dqq62
2026-02-19 15:27:17 - UserID: 1, Session: bfeq1nemeklec8kr6vq57dqq62
2026-02-19 15:28:17 - UserID: 1, Session: bfeq1nemeklec8kr6vq57dqq62
2026-02-19 15:29:21 - UserID: 1, Session: bfeq1nemeklec8kr6vq57dqq62
2026-02-19 15:29:36 - UserID: 1, Session: bfeq1nemeklec8kr6vq57dqq62
2026-02-19 15:30:52 - UserID: 1, Session: bfeq1nemeklec8kr6vq57dqq62
2026-02-19 15:30:57 - UserID: 1, Session: bfeq1nemeklec8kr6vq57dqq62
2026-02-19 15:37:57 - UserID: 1, Session: bfeq1nemeklec8kr6vq57dqq62
2026-02-19 15:38:03 - UserID: 1, Session: bfeq1nemeklec8kr6vq57dqq62
2026-02-19 15:42:02 - UserID: 1, Session: bfeq1nemeklec8kr6vq57dqq62
2026-02-19 15:44:16 - UserID: 1, Session: bfeq1nemeklec8kr6vq57dqq62
2026-02-19 15:44:17 - UserID: 1, Session: bfeq1nemeklec8kr6vq57dqq62
2026-02-19 15:44:17 - UserID: 1, Session: bfeq1nemeklec8kr6vq57dqq62
2026-02-19 15:46:38 - UserID: 1, Session: bfeq1nemeklec8kr6vq57dqq62
2026-02-19 15:48:06 - UserID: 1, Session: bfeq1nemeklec8kr6vq57dqq62
2026-02-19 15:50:52 - UserID: 1, Session: bfeq1nemeklec8kr6vq57dqq62
2026-02-19 15:52:08 - UserID: 1, Session: bfeq1nemeklec8kr6vq57dqq62
2026-02-19 15:52:18 - UserID: 1, Session: bfeq1nemeklec8kr6vq57dqq62
2026-02-19 15:52:52 - UserID: 1, Session: bfeq1nemeklec8kr6vq57dqq62
2026-02-19 15:53:38 - UserID: 1, Session: bfeq1nemeklec8kr6vq57dqq62
2026-02-19 15:53:45 - UserID: 1, Session: bfeq1nemeklec8kr6vq57dqq62
2026-02-19 15:53:57 - UserID: 1, Session: bfeq1nemeklec8kr6vq57dqq62
2026-02-19 15:54:07 - UserID: 1, Session: bfeq1nemeklec8kr6vq57dqq62
2026-02-19 15:54:28 - UserID: 1, Session: bfeq1nemeklec8kr6vq57dqq62
2026-02-19 15:54:33 - UserID: 1, Session: bfeq1nemeklec8kr6vq57dqq62
2026-02-19 15:54:37 - UserID: 1, Session: bfeq1nemeklec8kr6vq57dqq62
2026-02-19 15:54:48 - UserID: 1, Session: bfeq1nemeklec8kr6vq57dqq62
2026-02-19 15:55:05 - UserID: 1, Session: bfeq1nemeklec8kr6vq57dqq62
2026-02-19 15:56:05 - UserID: 1, Session: bfeq1nemeklec8kr6vq57dqq62
2026-02-19 15:58:15 - UserID: 1, Session: bfeq1nemeklec8kr6vq57dqq62
2026-02-19 15:58:32 - UserID: 1, Session: bfeq1nemeklec8kr6vq57dqq62
2026-02-19 15:59:07 - UserID: 1, Session: bfeq1nemeklec8kr6vq57dqq62
2026-02-19 16:00:13 - UserID: 1, Session: bfeq1nemeklec8kr6vq57dqq62
2026-02-19 16:00:35 - UserID: 1, Session: bfeq1nemeklec8kr6vq57dqq62
2026-02-19 16:01:03 - UserID: 1, Session: bfeq1nemeklec8kr6vq57dqq62
2026-02-19 16:01:05 - UserID: 1, Session: bfeq1nemeklec8kr6vq57dqq62
2026-02-19 16:01:15 - UserID: 1, Session: bfeq1nemeklec8kr6vq57dqq62
2026-02-19 16:02:13 - UserID: 1, Session: bfeq1nemeklec8kr6vq57dqq62
2026-02-19 16:02:40 - UserID: 1, Session: bfeq1nemeklec8kr6vq57dqq62
2026-02-19 16:03:04 - UserID: 1, Session: bfeq1nemeklec8kr6vq57dqq62
2026-02-19 16:03:07 - UserID: 1, Session: bfeq1nemeklec8kr6vq57dqq62
2026-02-19 16:03:08 - UserID: 1, Session: bfeq1nemeklec8kr6vq57dqq62
2026-02-19 16:03:08 - UserID: 1, Session: bfeq1nemeklec8kr6vq57dqq62
2026-02-19 16:03:08 - UserID: 1, Session: bfeq1nemeklec8kr6vq57dqq62
2026-02-19 16:03:09 - UserID: 1, Session: bfeq1nemeklec8kr6vq57dqq62
2026-02-19 16:17:04 - UserID: 1, Session: bfeq1nemeklec8kr6vq57dqq62
2026-02-19 16:22:51 - UserID: 1, Session: bfeq1nemeklec8kr6vq57dqq62
2026-02-19 16:24:33 - UserID: 1, Session: bfeq1nemeklec8kr6vq57dqq62
2026-02-19 16:29:39 - UserID: 1, Session: bfeq1nemeklec8kr6vq57dqq62
2026-02-19 16:32:39 - UserID: 1, Session: bfeq1nemeklec8kr6vq57dqq62
2026-02-19 16:38:41 - UserID: 1, Session: bfeq1nemeklec8kr6vq57dqq62
2026-02-19 18:22:25 - UserID: 1, Session: bfeq1nemeklec8kr6vq57dqq62
2026-02-19 18:34:28 - UserID: 1, Session: bfeq1nemeklec8kr6vq57dqq62
2026-02-19 18:34:53 - UserID: 1, Session: bfeq1nemeklec8kr6vq57dqq62
2026-02-19 18:34:57 - UserID: 1, Session: bfeq1nemeklec8kr6vq57dqq62
2026-02-19 23:02:58 - UserID: 1, Session: bfeq1nemeklec8kr6vq57dqq62
2026-02-19 23:03:00 - UserID: 1, Session: bfeq1nemeklec8kr6vq57dqq62
2026-02-19 23:14:38 - UserID: 1, Session: bfeq1nemeklec8kr6vq57dqq62
2026-02-19 23:14:41 - UserID: 1, Session: bfeq1nemeklec8kr6vq57dqq62
2026-02-20 12:05:17 - UserID: 1, Session: j0nbaueja2d9b0tf01n5i7askr
2026-02-20 12:06:14 - UserID: 1, Session: j0nbaueja2d9b0tf01n5i7askr
2026-02-20 12:06:21 - UserID: 1, Session: j0nbaueja2d9b0tf01n5i7askr
2026-02-20 12:06:31 - UserID: 1, Session: j0nbaueja2d9b0tf01n5i7askr
2026-02-20 12:07:45 - UserID: 1, Session: j0nbaueja2d9b0tf01n5i7askr
2026-02-20 12:07:46 - UserID: 1, Session: j0nbaueja2d9b0tf01n5i7askr
2026-02-20 12:12:05 - UserID: 1, Session: j0nbaueja2d9b0tf01n5i7askr
2026-02-20 12:45:08 - UserID: 1, Session: j0nbaueja2d9b0tf01n5i7askr
2026-02-20 12:46:01 - UserID: 1, Session: j0nbaueja2d9b0tf01n5i7askr
2026-02-20 12:46:14 - UserID: 1, Session: j0nbaueja2d9b0tf01n5i7askr
2026-02-20 12:46:16 - UserID: 1, Session: j0nbaueja2d9b0tf01n5i7askr
2026-02-20 12:46:29 - UserID: 1, Session: j0nbaueja2d9b0tf01n5i7askr
2026-02-20 12:46:31 - UserID: 1, Session: j0nbaueja2d9b0tf01n5i7askr
2026-02-20 12:46:36 - UserID: 1, Session: j0nbaueja2d9b0tf01n5i7askr
2026-02-20 12:46:55 - UserID: 1, Session: j0nbaueja2d9b0tf01n5i7askr
2026-02-20 12:51:48 - UserID: 1, Session: j0nbaueja2d9b0tf01n5i7askr
2026-02-20 12:52:10 - UserID: 1, Session: j0nbaueja2d9b0tf01n5i7askr
2026-02-20 12:52:30 - UserID: 1, Session: j0nbaueja2d9b0tf01n5i7askr
2026-02-20 12:52:50 - UserID: 1, Session: j0nbaueja2d9b0tf01n5i7askr
2026-02-20 12:52:58 - UserID: 1, Session: j0nbaueja2d9b0tf01n5i7askr
2026-02-20 12:53:37 - UserID: 1, Session: j0nbaueja2d9b0tf01n5i7askr
2026-02-20 12:53:48 - UserID: 1, Session: j0nbaueja2d9b0tf01n5i7askr
2026-02-20 12:53:55 - UserID: 1, Session: j0nbaueja2d9b0tf01n5i7askr
2026-02-20 12:54:17 - UserID: 1, Session: j0nbaueja2d9b0tf01n5i7askr
2026-02-20 12:54:42 - UserID: 1, Session: j0nbaueja2d9b0tf01n5i7askr
2026-02-20 12:54:59 - UserID: 1, Session: j0nbaueja2d9b0tf01n5i7askr
2026-02-20 12:58:39 - UserID: 1, Session: j0nbaueja2d9b0tf01n5i7askr
2026-02-20 12:59:03 - UserID: 1, Session: j0nbaueja2d9b0tf01n5i7askr
2026-02-20 12:59:04 - UserID: 1, Session: j0nbaueja2d9b0tf01n5i7askr
2026-02-20 12:59:06 - UserID: 1, Session: j0nbaueja2d9b0tf01n5i7askr
2026-02-20 13:04:15 - UserID: 1, Session: j0nbaueja2d9b0tf01n5i7askr
2026-02-20 13:05:05 - UserID: 1, Session: j0nbaueja2d9b0tf01n5i7askr
2026-02-20 13:05:25 - UserID: 1, Session: j0nbaueja2d9b0tf01n5i7askr
2026-02-20 13:05:30 - UserID: 1, Session: j0nbaueja2d9b0tf01n5i7askr
2026-02-20 13:06:27 - UserID: 1, Session: j0nbaueja2d9b0tf01n5i7askr
2026-02-20 13:09:55 - UserID: 1, Session: j0nbaueja2d9b0tf01n5i7askr
2026-02-20 13:13:02 - UserID: 1, Session: j0nbaueja2d9b0tf01n5i7askr
2026-02-20 13:13:05 - UserID: 1, Session: j0nbaueja2d9b0tf01n5i7askr
2026-02-20 13:13:47 - UserID: 1, Session: j0nbaueja2d9b0tf01n5i7askr
2026-02-20 13:14:09 - UserID: 1, Session: j0nbaueja2d9b0tf01n5i7askr
2026-02-20 13:14:16 - UserID: 1, Session: j0nbaueja2d9b0tf01n5i7askr
2026-02-20 13:14:21 - UserID: 1, Session: j0nbaueja2d9b0tf01n5i7askr
2026-02-20 13:15:06 - UserID: 1, Session: j0nbaueja2d9b0tf01n5i7askr
2026-02-20 13:15:16 - UserID: 1, Session: j0nbaueja2d9b0tf01n5i7askr
2026-02-20 13:15:19 - UserID: 1, Session: j0nbaueja2d9b0tf01n5i7askr
2026-02-20 13:15:20 - UserID: 1, Session: j0nbaueja2d9b0tf01n5i7askr
2026-02-20 13:16:28 - UserID: 1, Session: j0nbaueja2d9b0tf01n5i7askr
2026-02-20 13:18:36 - UserID: 1, Session: j0nbaueja2d9b0tf01n5i7askr
2026-02-20 13:18:45 - UserID: 1, Session: j0nbaueja2d9b0tf01n5i7askr
2026-02-20 13:18:50 - UserID: 1, Session: j0nbaueja2d9b0tf01n5i7askr
2026-02-20 18:54:16 - UserID: 1, Session: j0nbaueja2d9b0tf01n5i7askr
2026-02-20 18:54:27 - UserID: 1, Session: j0nbaueja2d9b0tf01n5i7askr
2026-02-20 18:54:47 - UserID: 1, Session: n1ffll400o2v5pec69kco2n51d
2026-02-20 18:54:57 - UserID: 1, Session: n1ffll400o2v5pec69kco2n51d
2026-02-20 18:56:04 - UserID: 1, Session: n1ffll400o2v5pec69kco2n51d
2026-02-20 18:56:05 - UserID: 1, Session: n1ffll400o2v5pec69kco2n51d
2026-02-20 18:56:29 - UserID: 1, Session: n1ffll400o2v5pec69kco2n51d
2026-02-20 18:56:39 - UserID: 1, Session: n1ffll400o2v5pec69kco2n51d
2026-02-20 18:56:41 - UserID: 1, Session: n1ffll400o2v5pec69kco2n51d
2026-02-20 18:56:42 - UserID: 1, Session: n1ffll400o2v5pec69kco2n51d
2026-02-20 18:56:46 - UserID: 1, Session: n1ffll400o2v5pec69kco2n51d
2026-02-20 18:56:48 - UserID: 1, Session: n1ffll400o2v5pec69kco2n51d
2026-02-21 12:57:56 - UserID: 1, Session: n1ffll400o2v5pec69kco2n51d
2026-02-21 12:59:50 - UserID: 1, Session: n1ffll400o2v5pec69kco2n51d
2026-02-21 13:00:10 - UserID: 1, Session: n1ffll400o2v5pec69kco2n51d
2026-02-21 13:00:33 - UserID: 1, Session: n1ffll400o2v5pec69kco2n51d
2026-02-21 13:04:32 - UserID: 1, Session: n1ffll400o2v5pec69kco2n51d
2026-02-21 13:04:52 - UserID: 1, Session: n1ffll400o2v5pec69kco2n51d
2026-02-21 13:04:58 - UserID: 1, Session: n1ffll400o2v5pec69kco2n51d
2026-02-21 13:05:07 - UserID: 1, Session: n1ffll400o2v5pec69kco2n51d
2026-02-21 13:05:11 - UserID: 1, Session: n1ffll400o2v5pec69kco2n51d
2026-02-21 13:05:12 - UserID: 1, Session: n1ffll400o2v5pec69kco2n51d
2026-02-21 13:05:13 - UserID: 1, Session: n1ffll400o2v5pec69kco2n51d
2026-02-21 13:05:13 - UserID: 1, Session: n1ffll400o2v5pec69kco2n51d
2026-02-21 13:26:23 - UserID: 1, Session: n1ffll400o2v5pec69kco2n51d
2026-02-21 13:26:32 - UserID: 1, Session: n1ffll400o2v5pec69kco2n51d
2026-02-21 13:26:37 - UserID: 1, Session: n1ffll400o2v5pec69kco2n51d
2026-02-21 13:27:22 - UserID: 1, Session: n1ffll400o2v5pec69kco2n51d
2026-02-21 13:27:43 - UserID: 1, Session: n1ffll400o2v5pec69kco2n51d
2026-02-21 13:28:13 - UserID: 1, Session: n1ffll400o2v5pec69kco2n51d
2026-02-21 13:28:14 - UserID: 1, Session: n1ffll400o2v5pec69kco2n51d
2026-02-21 13:28:14 - UserID: 1, Session: n1ffll400o2v5pec69kco2n51d
2026-02-21 13:28:15 - UserID: 1, Session: n1ffll400o2v5pec69kco2n51d
2026-02-21 13:31:00 - UserID: 1, Session: n1ffll400o2v5pec69kco2n51d
2026-02-21 13:32:37 - UserID: 1, Session: n1ffll400o2v5pec69kco2n51d
2026-02-21 13:33:13 - UserID: 1, Session: n1ffll400o2v5pec69kco2n51d
